11:22:48.409 INFO [GridLauncherV3.parse] - Selenium server version: 3.141.59, revision: e82be7d358
11:22:48.481 INFO [GridLauncherV3.lambda$buildLaunchers$3] - Launching a standalone Selenium Server on port 4444
2019-08-06 11:22:48.523:INFO::main: Logging initialized @319ms to org.seleniumhq.jetty9.util.log.StdErrLog
11:22:48.710 INFO [WebDriverServlet.<init>] - Initialising WebDriverServlet
11:22:48.870 INFO [SeleniumServer.boot] - Selenium Server is up and running on port 4444
11:22:49.409 INFO [ActiveSessionFactory.apply] - Capabilities are: {
  "acceptSslCerts": true,
  "browserName": "chrome",
  "chromeOptions": {
    "w3c": false,
    "args": [
    ]
  },
  "name": "Login"
}
11:22:49.411 INFO [ActiveSessionFactory.lambda$apply$11] - Matched factory org.openqa.selenium.grid.session.remote.ServicedSession$Factory (provider: org.openqa.selenium.chrome.ChromeDriverService)
Starting ChromeDriver 76.0.3809.68 (420c9498db8ce8fcd190a954d51297672c1515d5-refs/branch-heads/3809@{#864}) on port 40087
Only local connections are allowed.
Please protect ports used by ChromeDriver and related test frameworks to prevent access by malicious code.
11:22:54.046 INFO [ProtocolHandshake.createSession] - Detected dialect: OSS
11:22:54.294 INFO [RemoteSession$Factory.lambda$performHandshake$0] - Started new session ba5e2b1d86a732b5bc5e92175e5000ed (org.openqa.selenium.chrome.ChromeDriverService)
11:23:05.040 INFO [ActiveSessions$1.onStop] - Removing session ba5e2b1d86a732b5bc5e92175e5000ed (org.openqa.selenium.chrome.ChromeDriverService)
